# JRE version: OpenJDK Runtime Environment (21.0.6) (build 21.0.6+-13368085-b895.109)
# Java VM: OpenJDK 64-Bit Server VM (21.0.6+-13368085-b895.109, mixed mode, tiered, compressed oops, compressed class ptrs, g1 gc, windows-amd64)
GC Precious Log:
 CardTable entry size: 512
 Card Set container configuration: InlinePtr #cards 5 size 8 Array Of Cards #cards 12 size 40 Howl #buckets 4 coarsen threshold 1843 Howl Bitmap #cards 512 size 80 coarsen threshold 460 Card regions per heap region 1 cards per card region 2048
 CPUs: 4 total, 4 available
 Memory: 8071M
 Large Page Support: Disabled
 NUMA Support: Disabled
 Compressed Oops: Enabled (32-bit)
 Heap Region Size: 1M
 Heap Min Capacity: 8M
 Heap Initial Capacity: 128M
 Heap Max Capacity: 2G
 Pre-touch: Disabled
 Parallel Workers: 4
 Concurrent Workers: 1
 Concurrent Refinement Workers: 4
 Periodic GC: Disabled
Heap:
 garbage-first heap   total 452608K, used 305152K [0x0000000080000000, 0x0000000100000000)
  region size 1024K, 17 young (17408K), 11 survivors (11264K)
 Metaspace       used 188510K, committed 191104K, reserved 1245184K
  class space    used 23971K, committed 25280K, reserved 1048576K
GC Heap History (20 events):
Event: 314.248 GC heap before
{Heap before GC invocations=81 (full 0):
 garbage-first heap   total 311296K, used 288357K [0x0000000080000000, 0x0000000100000000)
  region size 1024K, 118 young (120832K), 6 survivors (6144K)
 Metaspace       used 176116K, committed 178688K, reserved 1245184K
  class space    used 22702K, committed 24000K, reserved 1048576K
}
Event: 314.262 GC heap after
{Heap after GC invocations=82 (full 0):
 garbage-first heap   total 311296K, used 173480K [0x0000000080000000, 0x0000000100000000)
  region size 1024K, 6 young (6144K), 6 survivors (6144K)
 Metaspace       used 176116K, committed 178688K, reserved 1245184K
  class space    used 22702K, committed 24000K, reserved 1048576K
}
Event: 316.101 GC heap before
{Heap before GC invocations=82 (full 0):
 garbage-first heap   total 311296K, used 287144K [0x0000000080000000, 0x0000000100000000)
  region size 1024K, 118 young (120832K), 6 survivors (6144K)
 Metaspace       used 177043K, committed 179584K, reserved 1245184K
  class space    used 22816K, committed 24128K, reserved 1048576K
}
Event: 316.129 GC heap after
{Heap after GC invocations=83 (full 0):
 garbage-first heap   total 311296K, used 178104K [0x0000000080000000, 0x0000000100000000)
  region size 1024K, 15 young (15360K), 15 survivors (15360K)
 Metaspace       used 177043K, committed 179584K, reserved 1245184K
  class space    used 22816K, committed 24128K, reserved 1048576K
}
Event: 317.589 GC heap before
{Heap before GC invocations=83 (full 0):
 garbage-first heap   total 311296K, used 278456K [0x0000000080000000, 0x0000000100000000)
  region size 1024K, 114 young (116736K), 15 survivors (15360K)
 Metaspace       used 177158K, committed 179712K, reserved 1245184K
  class space    used 22816K, committed 24128K, reserved 1048576K
}
Event: 317.615 GC heap after
{Heap after GC invocations=84 (full 0):
 garbage-first heap   total 311296K, used 177437K [0x0000000080000000, 0x0000000100000000)
  region size 1024K, 2 young (2048K), 2 survivors (2048K)
 Metaspace       used 177158K, committed 179712K, reserved 1245184K
  class space    used 22816K, committed 24128K, reserved 1048576K
}
Event: 327.734 GC heap before
{Heap before GC invocations=85 (full 0):
 garbage-first heap   total 311296K, used 292125K [0x0000000080000000, 0x0000000100000000)
  region size 1024K, 114 young (116736K), 2 survivors (2048K)
 Metaspace       used 178754K, committed 181248K, reserved 1245184K
  class space    used 23046K, committed 24320K, reserved 1048576K
}
Event: 327.742 GC heap after
{Heap after GC invocations=86 (full 0):
 garbage-first heap   total 311296K, used 176571K [0x0000000080000000, 0x0000000100000000)
  region size 1024K, 2 young (2048K), 2 survivors (2048K)
 Metaspace       used 178754K, committed 181248K, reserved 1245184K
  class space    used 23046K, committed 24320K, reserved 1048576K
}
Event: 331.710 GC heap before
{Heap before GC invocations=86 (full 0):
 garbage-first heap   total 311296K, used 308667K [0x0000000080000000, 0x0000000100000000)
  region size 1024K, 56 young (57344K), 2 survivors (2048K)
 Metaspace       used 183864K, committed 186432K, reserved 1245184K
  class space    used 23604K, committed 24896K, reserved 1048576K
}
Event: 331.729 GC heap after
{Heap after GC invocations=87 (full 0):
 garbage-first heap   total 318464K, used 175624K [0x0000000080000000, 0x0000000100000000)
  region size 1024K, 3 young (3072K), 3 survivors (3072K)
 Metaspace       used 183864K, committed 186432K, reserved 1245184K
  class space    used 23604K, committed 24896K, reserved 1048576K
}
Event: 336.315 GC heap before
{Heap before GC invocations=87 (full 0):
 garbage-first heap   total 318464K, used 295432K [0x0000000080000000, 0x0000000100000000)
  region size 1024K, 121 young (123904K), 3 survivors (3072K)
 Metaspace       used 186704K, committed 189248K, reserved 1245184K
  class space    used 23810K, committed 25088K, reserved 1048576K
}
Event: 336.345 GC heap after
{Heap after GC invocations=88 (full 0):
 garbage-first heap   total 318464K, used 186605K [0x0000000080000000, 0x0000000100000000)
  region size 1024K, 13 young (13312K), 13 survivors (13312K)
 Metaspace       used 186704K, committed 189248K, reserved 1245184K
  class space    used 23810K, committed 25088K, reserved 1048576K
}
Event: 343.696 GC heap before
{Heap before GC invocations=89 (full 0):
 garbage-first heap   total 327680K, used 325869K [0x0000000080000000, 0x0000000100000000)
  region size 1024K, 111 young (113664K), 13 survivors (13312K)
 Metaspace       used 188338K, committed 190976K, reserved 1245184K
  class space    used 23971K, committed 25280K, reserved 1048576K
}
Event: 343.747 GC heap after
{Heap after GC invocations=90 (full 0):
 garbage-first heap   total 354304K, used 234325K [0x0000000080000000, 0x0000000100000000)
  region size 1024K, 14 young (14336K), 14 survivors (14336K)
 Metaspace       used 188338K, committed 190976K, reserved 1245184K
  class space    used 23971K, committed 25280K, reserved 1048576K
}
Event: 344.061 GC heap before
{Heap before GC invocations=90 (full 0):
 garbage-first heap   total 354304K, used 353109K [0x0000000080000000, 0x0000000100000000)
  region size 1024K, 68 young (69632K), 14 survivors (14336K)
 Metaspace       used 188421K, committed 191040K, reserved 1245184K
  class space    used 23971K, committed 25280K, reserved 1048576K
}
Event: 344.104 GC heap after
{Heap after GC invocations=91 (full 0):
 garbage-first heap   total 388096K, used 265173K [0x0000000080000000, 0x0000000100000000)
  region size 1024K, 13 young (13312K), 13 survivors (13312K)
 Metaspace       used 188421K, committed 191040K, reserved 1245184K
  class space    used 23971K, committed 25280K, reserved 1048576K
}
Event: 344.317 GC heap before
{Heap before GC invocations=91 (full 0):
 garbage-first heap   total 388096K, used 278485K [0x0000000080000000, 0x0000000100000000)
  region size 1024K, 28 young (28672K), 13 survivors (13312K)
 Metaspace       used 188438K, committed 191040K, reserved 1245184K
  class space    used 23971K, committed 25280K, reserved 1048576K
}
Event: 344.351 GC heap after
{Heap after GC invocations=92 (full 0):
 garbage-first heap   total 388096K, used 270681K [0x0000000080000000, 0x0000000100000000)
  region size 1024K, 6 young (6144K), 6 survivors (6144K)
 Metaspace       used 188438K, committed 191040K, reserved 1245184K
  class space    used 23971K, committed 25280K, reserved 1048576K
}
Event: 346.092 GC heap before
{Heap before GC invocations=93 (full 0):
 garbage-first heap   total 452608K, used 355673K [0x0000000080000000, 0x0000000100000000)
  region size 1024K, 85 young (87040K), 6 survivors (6144K)
 Metaspace       used 188502K, committed 191104K, reserved 1245184K
  class space    used 23971K, committed 25280K, reserved 1048576K
}
Event: 346.165 GC heap after
{Heap after GC invocations=94 (full 0):
 garbage-first heap   total 452608K, used 300032K [0x0000000080000000, 0x0000000100000000)
  region size 1024K, 11 young (11264K), 11 survivors (11264K)
 Metaspace       used 188502K, committed 191104K, reserved 1245184K
  class space    used 23971K, committed 25280K, reserved 1048576K
}

